<?xml version="1.0" encoding="UTF-8"?>
<!-- Generated by org.testng.reporters.JUnitReportReporter -->
<testsuite skipped="0" hostname="MCKINLEY-QA5" name="com.wordpress.tests.TestLogin" tests="2" failures="0" timestamp="18 Jun 2018 07:41:44 GMT" time="27.399" errors="0">
  <testcase name="verifyValidLogin" time="13.830" classname="com.wordpress.tests.TestLogin"/>
  <testcase name="verifyValidLogin" time="13.569" classname="com.wordpress.tests.TestLogin"/>
</testsuite> <!-- com.wordpress.tests.TestLogin -->
