<?xml version="1.0" encoding="UTF-8"?>
<!-- Generated by org.testng.reporters.JUnitReportReporter -->
<testsuite skipped="0" hostname="MCKINLEY-QA5" name="com.wordpress.pages.VerifyWordpressLogin" tests="1" failures="0" timestamp="12 Jun 2018 12:35:26 GMT" time="17.914" errors="0">
  <testcase name="verifyValidLogin" time="17.914" classname="com.wordpress.pages.VerifyWordpressLogin"/>
</testsuite> <!-- com.wordpress.pages.VerifyWordpressLogin -->
